android/build/outputs/logs/manifest-merger-debug-report.txt
-- Merging decision tree log ---
manifest
ADDED from Raindrops Android Game Project\android\AndroidManifest.xml:2:1-25:12
INJECTED from Raindrops Android Game Project\android\AndroidManifest.xml:2:1-25:12
INJECTED from Raindrops Android Game Project\android\AndroidManifest.xml:2:1-25:12
INJECTED from Raindrops Android Game Project\android\AndroidManifest.xml:2:1-25:12
INJECTED from Raindrops Android Game Project\android\AndroidManifest.xml:2:1-25:12
INJECTED from Raindrops Android Game Project\android\AndroidManifest.xml:2:1-25:12
INJECTED from Raindrops Android Game Project\android\AndroidManifest.xml:2:1-25:12
	package
		ADDED from Raindrops Android Game Project\android\AndroidManifest.xml:3:5-29
		INJECTED from Raindrops Android Game Project\android\AndroidManifest.xml
		INJECTED from Raindrops Android Game Project\android\AndroidManifest.xml
	android:versionName
		INJECTED from Raindrops Android Game Project\android\AndroidManifest.xml
		ADDED from Raindrops Android Game Project\android\AndroidManifest.xml:2:1-25:12
		INJECTED from Raindrops Android Game Project\android\AndroidManifest.xml
	android:versionCode
		INJECTED from Raindrops Android Game Project\android\AndroidManifest.xml
		ADDED from Raindrops Android Game Project\android\AndroidManifest.xml:2:1-25:12
		INJECTED from Raindrops Android Game Project\android\AndroidManifest.xml
	xmlns:android
		ADDED from Raindrops Android Game Project\android\AndroidManifest.xml:2:11-69
uses-permission#android.permission.VIBRATE
ADDED from Raindrops Android Game Project\android\AndroidManifest.xml:4:5-65
	android:name
		ADDED from Raindrops Android Game Project\android\AndroidManifest.xml:4:22-63
application
ADDED from Raindrops Android Game Project\android\AndroidManifest.xml:6:5-23:19
	android:label
		ADDED from Raindrops Android Game Project\android\AndroidManifest.xml:11:9-41
	android:appCategory
		ADDED from Raindrops Android Game Project\android\AndroidManifest.xml:10:9-35
	android:icon
		ADDED from Raindrops Android Game Project\android\AndroidManifest.xml:8:9-44
	android:allowBackup
		ADDED from Raindrops Android Game Project\android\AndroidManifest.xml:7:9-35
	android:theme
		ADDED from Raindrops Android Game Project\android\AndroidManifest.xml:12:9-40
	android:isGame
		ADDED from Raindrops Android Game Project\android\AndroidManifest.xml:9:9-30
activity#com.mygdx.game.AndroidLauncher
ADDED from Raindrops Android Game Project\android\AndroidManifest.xml:13:9-22:20
	android:screenOrientation
		ADDED from Raindrops Android Game Project\android\AndroidManifest.xml:16:13-51
	android:label
		ADDED from Raindrops Android Game Project\android\AndroidManifest.xml:15:13-45
	android:configChanges
		ADDED from Raindrops Android Game Project\android\AndroidManifest.xml:17:13-107
	android:name
		ADDED from Raindrops Android Game Project\android\AndroidManifest.xml:14:13-58
intent-filter#action:name:android.intent.action.MAIN+category:name:android.intent.category.LAUNCHER
ADDED from Raindrops Android Game Project\android\AndroidManifest.xml:18:13-21:29
action#android.intent.action.MAIN
ADDED from Raindrops Android Game Project\android\AndroidManifest.xml:19:17-69
	android:name
		ADDED from Raindrops Android Game Project\android\AndroidManifest.xml:19:25-66
category#android.intent.category.LAUNCHER
ADDED from Raindrops Android Game Project\android\AndroidManifest.xml:20:17-77
	android:name
		ADDED from Raindrops Android Game Project\android\AndroidManifest.xml:20:27-74
uses-sdk
INJECTED from Raindrops Android Game Project\android\AndroidManifest.xml reason: use-sdk injection requested
INJECTED from Raindrops Android Game Project\android\AndroidManifest.xml
INJECTED from Raindrops Android Game Project\android\AndroidManifest.xml
INJECTED from Raindrops Android Game Project\android\AndroidManifest.xml
INJECTED from Raindrops Android Game Project\android\AndroidManifest.xml
	android:targetSdkVersion
		INJECTED from Raindrops Android Game Project\android\AndroidManifest.xml
		ADDED from Raindrops Android Game Project\android\AndroidManifest.xml
		INJECTED from Raindrops Android Game Project\android\AndroidManifest.xml
	android:minSdkVersion
		INJECTED from Raindrops Android Game Project\android\AndroidManifest.xml
		ADDED from Raindrops Android Game Project\android\AndroidManifest.xml
		INJECTED from Raindrops Android Game Project\android\AndroidManifest.xml